e:\лабы\курсач\курсач\x64\debug\vc142.pdb
e:\лабы\курсач\курсач\x64\debug\vc142.idb
e:\лабы\курсач\курсач\x64\debug\sha256.obj
e:\лабы\курсач\курсач\x64\debug\курсач.obj
e:\лабы\курсач\курсач\x64\debug\menu.obj
e:\лабы\курсач\курсач\x64\debug\core.obj
e:\лабы\курсач\курсач\x64\debug\sha256.nativecodeanalysis.xml
e:\лабы\курсач\курсач\x64\debug\курсач.nativecodeanalysis.xml
e:\лабы\курсач\курсач\x64\debug\курсач.tlog\cl.command.1.tlog
e:\лабы\курсач\курсач\x64\debug\курсач.tlog\cl.read.1.tlog
e:\лабы\курсач\курсач\x64\debug\курсач.tlog\cl.write.1.tlog
e:\лабы\курсач\курсач\x64\debug\курсач.tlog\link-cvtres.read.1.tlog
e:\лабы\курсач\курсач\x64\debug\курсач.tlog\link-cvtres.write.1.tlog
e:\лабы\курсач\курсач\x64\debug\курсач.tlog\link-rc.read.1.tlog
e:\лабы\курсач\курсач\x64\debug\курсач.tlog\link-rc.write.1.tlog
e:\лабы\курсач\курсач\x64\debug\курсач.tlog\link.36444-cvtres.read.1.tlog
e:\лабы\курсач\курсач\x64\debug\курсач.tlog\link.36444-cvtres.write.1.tlog
e:\лабы\курсач\курсач\x64\debug\курсач.tlog\link.36444-rc.read.1.tlog
e:\лабы\курсач\курсач\x64\debug\курсач.tlog\link.36444-rc.write.1.tlog
e:\лабы\курсач\курсач\x64\debug\курсач.tlog\link.36444.read.1.tlog
e:\лабы\курсач\курсач\x64\debug\курсач.tlog\link.36444.write.1.tlog
e:\лабы\курсач\курсач\x64\debug\курсач.tlog\link.command.1.tlog
e:\лабы\курсач\курсач\x64\debug\курсач.tlog\link.read.1.tlog
e:\лабы\курсач\курсач\x64\debug\курсач.tlog\link.write.1.tlog
